DEBUG - 2025-07-02 06:40:03 --> Session: Class initialized using 'CodeIgniter\Session\Handlers\FileHandler' driver.
DEBUG - 2025-07-02 06:40:12 --> Session: Class initialized using 'CodeIgniter\Session\Handlers\FileHandler' driver.
DEBUG - 2025-07-02 08:52:10 --> Session: Class initialized using 'CodeIgniter\Session\Handlers\FileHandler' driver.
DEBUG - 2025-07-02 08:52:14 --> Session: Class initialized using 'CodeIgniter\Session\Handlers\FileHandler' driver.
DEBUG - 2025-07-02 09:06:06 --> Session: Class initialized using 'CodeIgniter\Session\Handlers\FileHandler' driver.
DEBUG - 2025-07-02 09:06:10 --> Session: Class initialized using 'CodeIgniter\Session\Handlers\FileHandler' driver.
DEBUG - 2025-07-02 09:07:06 --> Session: Class initialized using 'CodeIgniter\Session\Handlers\FileHandler' driver.
CRITICAL - 2025-07-02 09:14:27 --> ErrorException: Undefined variable $lokasi
[Method: GET, Route: /]
in APPPATH\Views\user\home.php on line 137.
 1 APPPATH\Views\user\home.php(137): CodeIgniter\Debug\Exceptions->errorHandler(2, 'Undefined variable $lokasi', 'C:\\xampp\\htdocs\\belajar-gis-dasar-ci4\\app\\Views\\user\\home.php', 137)
 2 SYSTEMPATH\View\View.php(224): include('C:\\xampp\\htdocs\\belajar-gis-dasar-ci4\\app\\Views\\user\\home.php')
 3 SYSTEMPATH\View\View.php(227): CodeIgniter\View\View->CodeIgniter\View\{closure}()
 4 SYSTEMPATH\Common.php(1173): CodeIgniter\View\View->render('user/home', [], true)
 5 APPPATH\Controllers\User.php(12): view('user/home', [...])
 6 SYSTEMPATH\CodeIgniter.php(933): App\Controllers\User->index()
 7 SYSTEMPATH\CodeIgniter.php(507): CodeIgniter\CodeIgniter->runController(Object(App\Controllers\User))
 8 SYSTEMPATH\CodeIgniter.php(354): CodeIgniter\CodeIgniter->handleRequest(null, Object(Config\Cache), false)
 9 SYSTEMPATH\Boot.php(334): CodeIgniter\CodeIgniter->run()
10 SYSTEMPATH\Boot.php(67): CodeIgniter\Boot::runCodeIgniter(Object(CodeIgniter\CodeIgniter))
11 FCPATH\index.php(56): CodeIgniter\Boot::bootWeb(Object(Config\Paths))
CRITICAL - 2025-07-02 09:16:09 --> Error: Class "App\Controllers\ModelLokasi" not found
[Method: GET, Route: /]
in APPPATH\Controllers\User.php on line 11.
 1 SYSTEMPATH\CodeIgniter.php(903): App\Controllers\User->__construct()
 2 SYSTEMPATH\CodeIgniter.php(498): CodeIgniter\CodeIgniter->createController()
 3 SYSTEMPATH\CodeIgniter.php(354): CodeIgniter\CodeIgniter->handleRequest(null, Object(Config\Cache), false)
 4 SYSTEMPATH\Boot.php(334): CodeIgniter\CodeIgniter->run()
 5 SYSTEMPATH\Boot.php(67): CodeIgniter\Boot::runCodeIgniter(Object(CodeIgniter\CodeIgniter))
 6 FCPATH\index.php(56): CodeIgniter\Boot::bootWeb(Object(Config\Paths))
CRITICAL - 2025-07-02 10:30:22 --> ErrorException: Undefined array key "foto"
[Method: GET, Route: /]
in APPPATH\Views\user\home.php on line 230.
 1 APPPATH\Views\user\home.php(230): CodeIgniter\Debug\Exceptions->errorHandler(2, 'Undefined array key "foto"', 'C:\\xampp\\htdocs\\belajar-gis-dasar-ci4\\app\\Views\\user\\home.php', 230)
 2 SYSTEMPATH\View\View.php(224): include('C:\\xampp\\htdocs\\belajar-gis-dasar-ci4\\app\\Views\\user\\home.php')
 3 SYSTEMPATH\View\View.php(227): CodeIgniter\View\View->CodeIgniter\View\{closure}()
 4 SYSTEMPATH\Common.php(1173): CodeIgniter\View\View->render('user/home', [], true)
 5 APPPATH\Controllers\User.php(20): view('user/home', [...])
 6 SYSTEMPATH\CodeIgniter.php(933): App\Controllers\User->index()
 7 SYSTEMPATH\CodeIgniter.php(507): CodeIgniter\CodeIgniter->runController(Object(App\Controllers\User))
 8 SYSTEMPATH\CodeIgniter.php(354): CodeIgniter\CodeIgniter->handleRequest(null, Object(Config\Cache), false)
 9 SYSTEMPATH\Boot.php(334): CodeIgniter\CodeIgniter->run()
10 SYSTEMPATH\Boot.php(67): CodeIgniter\Boot::runCodeIgniter(Object(CodeIgniter\CodeIgniter))
11 FCPATH\index.php(56): CodeIgniter\Boot::bootWeb(Object(Config\Paths))
CRITICAL - 2025-07-02 10:32:10 --> ErrorException: Undefined array key "foto"
[Method: GET, Route: /]
in APPPATH\Views\user\home.php on line 230.
 1 APPPATH\Views\user\home.php(230): CodeIgniter\Debug\Exceptions->errorHandler(2, 'Undefined array key "foto"', 'C:\\xampp\\htdocs\\belajar-gis-dasar-ci4\\app\\Views\\user\\home.php', 230)
 2 SYSTEMPATH\View\View.php(224): include('C:\\xampp\\htdocs\\belajar-gis-dasar-ci4\\app\\Views\\user\\home.php')
 3 SYSTEMPATH\View\View.php(227): CodeIgniter\View\View->CodeIgniter\View\{closure}()
 4 SYSTEMPATH\Common.php(1173): CodeIgniter\View\View->render('user/home', [], true)
 5 APPPATH\Controllers\User.php(20): view('user/home', [...])
 6 SYSTEMPATH\CodeIgniter.php(933): App\Controllers\User->index()
 7 SYSTEMPATH\CodeIgniter.php(507): CodeIgniter\CodeIgniter->runController(Object(App\Controllers\User))
 8 SYSTEMPATH\CodeIgniter.php(354): CodeIgniter\CodeIgniter->handleRequest(null, Object(Config\Cache), false)
 9 SYSTEMPATH\Boot.php(334): CodeIgniter\CodeIgniter->run()
10 SYSTEMPATH\Boot.php(67): CodeIgniter\Boot::runCodeIgniter(Object(CodeIgniter\CodeIgniter))
11 FCPATH\index.php(56): CodeIgniter\Boot::bootWeb(Object(Config\Paths))
CRITICAL - 2025-07-02 10:34:19 --> ErrorException: Undefined array key "foto"
[Method: GET, Route: /]
in APPPATH\Views\user\home.php on line 230.
 1 APPPATH\Views\user\home.php(230): CodeIgniter\Debug\Exceptions->errorHandler(2, 'Undefined array key "foto"', 'C:\\xampp\\htdocs\\belajar-gis-dasar-ci4\\app\\Views\\user\\home.php', 230)
 2 SYSTEMPATH\View\View.php(224): include('C:\\xampp\\htdocs\\belajar-gis-dasar-ci4\\app\\Views\\user\\home.php')
 3 SYSTEMPATH\View\View.php(227): CodeIgniter\View\View->CodeIgniter\View\{closure}()
 4 SYSTEMPATH\Common.php(1173): CodeIgniter\View\View->render('user/home', [], true)
 5 APPPATH\Controllers\User.php(20): view('user/home', [...])
 6 SYSTEMPATH\CodeIgniter.php(933): App\Controllers\User->index()
 7 SYSTEMPATH\CodeIgniter.php(507): CodeIgniter\CodeIgniter->runController(Object(App\Controllers\User))
 8 SYSTEMPATH\CodeIgniter.php(354): CodeIgniter\CodeIgniter->handleRequest(null, Object(Config\Cache), false)
 9 SYSTEMPATH\Boot.php(334): CodeIgniter\CodeIgniter->run()
10 SYSTEMPATH\Boot.php(67): CodeIgniter\Boot::runCodeIgniter(Object(CodeIgniter\CodeIgniter))
11 FCPATH\index.php(56): CodeIgniter\Boot::bootWeb(Object(Config\Paths))
CRITICAL - 2025-07-02 10:35:29 --> ErrorException: Undefined variable $foto
[Method: GET, Route: /]
in APPPATH\Views\user\home.php on line 230.
 1 APPPATH\Views\user\home.php(230): CodeIgniter\Debug\Exceptions->errorHandler(2, 'Undefined variable $foto', 'C:\\xampp\\htdocs\\belajar-gis-dasar-ci4\\app\\Views\\user\\home.php', 230)
 2 SYSTEMPATH\View\View.php(224): include('C:\\xampp\\htdocs\\belajar-gis-dasar-ci4\\app\\Views\\user\\home.php')
 3 SYSTEMPATH\View\View.php(227): CodeIgniter\View\View->CodeIgniter\View\{closure}()
 4 SYSTEMPATH\Common.php(1173): CodeIgniter\View\View->render('user/home', [], true)
 5 APPPATH\Controllers\User.php(20): view('user/home', [...])
 6 SYSTEMPATH\CodeIgniter.php(933): App\Controllers\User->index()
 7 SYSTEMPATH\CodeIgniter.php(507): CodeIgniter\CodeIgniter->runController(Object(App\Controllers\User))
 8 SYSTEMPATH\CodeIgniter.php(354): CodeIgniter\CodeIgniter->handleRequest(null, Object(Config\Cache), false)
 9 SYSTEMPATH\Boot.php(334): CodeIgniter\CodeIgniter->run()
10 SYSTEMPATH\Boot.php(67): CodeIgniter\Boot::runCodeIgniter(Object(CodeIgniter\CodeIgniter))
11 FCPATH\index.php(56): CodeIgniter\Boot::bootWeb(Object(Config\Paths))
CRITICAL - 2025-07-02 10:35:31 --> ErrorException: Undefined variable $foto
[Method: GET, Route: /]
in APPPATH\Views\user\home.php on line 230.
 1 APPPATH\Views\user\home.php(230): CodeIgniter\Debug\Exceptions->errorHandler(2, 'Undefined variable $foto', 'C:\\xampp\\htdocs\\belajar-gis-dasar-ci4\\app\\Views\\user\\home.php', 230)
 2 SYSTEMPATH\View\View.php(224): include('C:\\xampp\\htdocs\\belajar-gis-dasar-ci4\\app\\Views\\user\\home.php')
 3 SYSTEMPATH\View\View.php(227): CodeIgniter\View\View->CodeIgniter\View\{closure}()
 4 SYSTEMPATH\Common.php(1173): CodeIgniter\View\View->render('user/home', [], true)
 5 APPPATH\Controllers\User.php(20): view('user/home', [...])
 6 SYSTEMPATH\CodeIgniter.php(933): App\Controllers\User->index()
 7 SYSTEMPATH\CodeIgniter.php(507): CodeIgniter\CodeIgniter->runController(Object(App\Controllers\User))
 8 SYSTEMPATH\CodeIgniter.php(354): CodeIgniter\CodeIgniter->handleRequest(null, Object(Config\Cache), false)
 9 SYSTEMPATH\Boot.php(334): CodeIgniter\CodeIgniter->run()
10 SYSTEMPATH\Boot.php(67): CodeIgniter\Boot::runCodeIgniter(Object(CodeIgniter\CodeIgniter))
11 FCPATH\index.php(56): CodeIgniter\Boot::bootWeb(Object(Config\Paths))
CRITICAL - 2025-07-02 10:37:59 --> ErrorException: Undefined variable $foto
[Method: GET, Route: /]
in APPPATH\Views\user\home.php on line 230.
 1 APPPATH\Views\user\home.php(230): CodeIgniter\Debug\Exceptions->errorHandler(2, 'Undefined variable $foto', 'C:\\xampp\\htdocs\\belajar-gis-dasar-ci4\\app\\Views\\user\\home.php', 230)
 2 SYSTEMPATH\View\View.php(224): include('C:\\xampp\\htdocs\\belajar-gis-dasar-ci4\\app\\Views\\user\\home.php')
 3 SYSTEMPATH\View\View.php(227): CodeIgniter\View\View->CodeIgniter\View\{closure}()
 4 SYSTEMPATH\Common.php(1173): CodeIgniter\View\View->render('user/home', [], true)
 5 APPPATH\Controllers\User.php(20): view('user/home', [...])
 6 SYSTEMPATH\CodeIgniter.php(933): App\Controllers\User->index()
 7 SYSTEMPATH\CodeIgniter.php(507): CodeIgniter\CodeIgniter->runController(Object(App\Controllers\User))
 8 SYSTEMPATH\CodeIgniter.php(354): CodeIgniter\CodeIgniter->handleRequest(null, Object(Config\Cache), false)
 9 SYSTEMPATH\Boot.php(334): CodeIgniter\CodeIgniter->run()
10 SYSTEMPATH\Boot.php(67): CodeIgniter\Boot::runCodeIgniter(Object(CodeIgniter\CodeIgniter))
11 FCPATH\index.php(56): CodeIgniter\Boot::bootWeb(Object(Config\Paths))
CRITICAL - 2025-07-02 10:40:23 --> ErrorException: Undefined variable $foto
[Method: GET, Route: /]
in APPPATH\Views\user\home.php on line 230.
 1 APPPATH\Views\user\home.php(230): CodeIgniter\Debug\Exceptions->errorHandler(2, 'Undefined variable $foto', 'C:\\xampp\\htdocs\\belajar-gis-dasar-ci4\\app\\Views\\user\\home.php', 230)
 2 SYSTEMPATH\View\View.php(224): include('C:\\xampp\\htdocs\\belajar-gis-dasar-ci4\\app\\Views\\user\\home.php')
 3 SYSTEMPATH\View\View.php(227): CodeIgniter\View\View->CodeIgniter\View\{closure}()
 4 SYSTEMPATH\Common.php(1173): CodeIgniter\View\View->render('user/home', [], true)
 5 APPPATH\Controllers\User.php(20): view('user/home', [...])
 6 SYSTEMPATH\CodeIgniter.php(933): App\Controllers\User->index()
 7 SYSTEMPATH\CodeIgniter.php(507): CodeIgniter\CodeIgniter->runController(Object(App\Controllers\User))
 8 SYSTEMPATH\CodeIgniter.php(354): CodeIgniter\CodeIgniter->handleRequest(null, Object(Config\Cache), false)
 9 SYSTEMPATH\Boot.php(334): CodeIgniter\CodeIgniter->run()
10 SYSTEMPATH\Boot.php(67): CodeIgniter\Boot::runCodeIgniter(Object(CodeIgniter\CodeIgniter))
11 FCPATH\index.php(56): CodeIgniter\Boot::bootWeb(Object(Config\Paths))
CRITICAL - 2025-07-02 10:40:53 --> ErrorException: Undefined array key "foto"
[Method: GET, Route: /]
in APPPATH\Views\user\home.php on line 230.
 1 APPPATH\Views\user\home.php(230): CodeIgniter\Debug\Exceptions->errorHandler(2, 'Undefined array key "foto"', 'C:\\xampp\\htdocs\\belajar-gis-dasar-ci4\\app\\Views\\user\\home.php', 230)
 2 SYSTEMPATH\View\View.php(224): include('C:\\xampp\\htdocs\\belajar-gis-dasar-ci4\\app\\Views\\user\\home.php')
 3 SYSTEMPATH\View\View.php(227): CodeIgniter\View\View->CodeIgniter\View\{closure}()
 4 SYSTEMPATH\Common.php(1173): CodeIgniter\View\View->render('user/home', [], true)
 5 APPPATH\Controllers\User.php(20): view('user/home', [...])
 6 SYSTEMPATH\CodeIgniter.php(933): App\Controllers\User->index()
 7 SYSTEMPATH\CodeIgniter.php(507): CodeIgniter\CodeIgniter->runController(Object(App\Controllers\User))
 8 SYSTEMPATH\CodeIgniter.php(354): CodeIgniter\CodeIgniter->handleRequest(null, Object(Config\Cache), false)
 9 SYSTEMPATH\Boot.php(334): CodeIgniter\CodeIgniter->run()
10 SYSTEMPATH\Boot.php(67): CodeIgniter\Boot::runCodeIgniter(Object(CodeIgniter\CodeIgniter))
11 FCPATH\index.php(56): CodeIgniter\Boot::bootWeb(Object(Config\Paths))
CRITICAL - 2025-07-02 11:00:57 --> CodeIgniter\Pager\Exceptions\PagerException: "bootstrap_full" is not a valid Pager template.
[Method: GET, Route: /]
in SYSTEMPATH\Pager\Pager.php on line 124.
 1 SYSTEMPATH\Pager\Pager.php(124): CodeIgniter\Pager\Exceptions\PagerException::forInvalidTemplate('bootstrap_full')
 2 SYSTEMPATH\Pager\Pager.php(87): CodeIgniter\Pager\Pager->displayLinks('default', 'bootstrap_full')
 3 APPPATH\Views\user\home.php(279): CodeIgniter\Pager\Pager->links('default', 'bootstrap_full')
 4 SYSTEMPATH\View\View.php(224): include('C:\\xampp\\htdocs\\belajar-gis-dasar-ci4\\app\\Views\\user\\home.php')
 5 SYSTEMPATH\View\View.php(227): CodeIgniter\View\View->CodeIgniter\View\{closure}()
 6 SYSTEMPATH\Common.php(1173): CodeIgniter\View\View->render('user/home', [], true)
 7 APPPATH\Controllers\User.php(23): view('user/home', [...])
 8 SYSTEMPATH\CodeIgniter.php(933): App\Controllers\User->index()
 9 SYSTEMPATH\CodeIgniter.php(507): CodeIgniter\CodeIgniter->runController(Object(App\Controllers\User))
10 SYSTEMPATH\CodeIgniter.php(354): CodeIgniter\CodeIgniter->handleRequest(null, Object(Config\Cache), false)
11 SYSTEMPATH\Boot.php(334): CodeIgniter\CodeIgniter->run()
12 SYSTEMPATH\Boot.php(67): CodeIgniter\Boot::runCodeIgniter(Object(CodeIgniter\CodeIgniter))
13 FCPATH\index.php(56): CodeIgniter\Boot::bootWeb(Object(Config\Paths))
CRITICAL - 2025-07-02 11:04:43 --> Error: Call to undefined method CodeIgniter\Pager\Pager::hasPrevious()
[Method: GET, Route: /]
in APPPATH\Views\user\home.php on line 292.
 1 SYSTEMPATH\View\View.php(224): include()
 2 SYSTEMPATH\View\View.php(227): CodeIgniter\View\View->CodeIgniter\View\{closure}()
 3 SYSTEMPATH\Common.php(1173): CodeIgniter\View\View->render('user/home', [], true)
 4 APPPATH\Controllers\User.php(23): view('user/home', [...])
 5 SYSTEMPATH\CodeIgniter.php(933): App\Controllers\User->index()
 6 SYSTEMPATH\CodeIgniter.php(507): CodeIgniter\CodeIgniter->runController(Object(App\Controllers\User))
 7 SYSTEMPATH\CodeIgniter.php(354): CodeIgniter\CodeIgniter->handleRequest(null, Object(Config\Cache), false)
 8 SYSTEMPATH\Boot.php(334): CodeIgniter\CodeIgniter->run()
 9 SYSTEMPATH\Boot.php(67): CodeIgniter\Boot::runCodeIgniter(Object(CodeIgniter\CodeIgniter))
10 FCPATH\index.php(56): CodeIgniter\Boot::bootWeb(Object(Config\Paths))
CRITICAL - 2025-07-02 11:06:57 --> CodeIgniter\Pager\Exceptions\PagerException: "custom" is not a valid Pager template.
[Method: GET, Route: /]
in SYSTEMPATH\Pager\Pager.php on line 124.
 1 SYSTEMPATH\Pager\Pager.php(124): CodeIgniter\Pager\Exceptions\PagerException::forInvalidTemplate('custom')
 2 SYSTEMPATH\Pager\Pager.php(87): CodeIgniter\Pager\Pager->displayLinks('default', 'custom')
 3 APPPATH\Views\user\home.php(258): CodeIgniter\Pager\Pager->links('default', 'custom')
 4 SYSTEMPATH\View\View.php(224): include('C:\\xampp\\htdocs\\belajar-gis-dasar-ci4\\app\\Views\\user\\home.php')
 5 SYSTEMPATH\View\View.php(227): CodeIgniter\View\View->CodeIgniter\View\{closure}()
 6 SYSTEMPATH\Common.php(1173): CodeIgniter\View\View->render('user/home', [], true)
 7 APPPATH\Controllers\User.php(23): view('user/home', [...])
 8 SYSTEMPATH\CodeIgniter.php(933): App\Controllers\User->index()
 9 SYSTEMPATH\CodeIgniter.php(507): CodeIgniter\CodeIgniter->runController(Object(App\Controllers\User))
10 SYSTEMPATH\CodeIgniter.php(354): CodeIgniter\CodeIgniter->handleRequest(null, Object(Config\Cache), false)
11 SYSTEMPATH\Boot.php(334): CodeIgniter\CodeIgniter->run()
12 SYSTEMPATH\Boot.php(67): CodeIgniter\Boot::runCodeIgniter(Object(CodeIgniter\CodeIgniter))
13 FCPATH\index.php(56): CodeIgniter\Boot::bootWeb(Object(Config\Paths))
CRITICAL - 2025-07-02 11:07:08 --> CodeIgniter\Pager\Exceptions\PagerException: "pager" is not a valid Pager template.
[Method: GET, Route: /]
in SYSTEMPATH\Pager\Pager.php on line 124.
 1 SYSTEMPATH\Pager\Pager.php(124): CodeIgniter\Pager\Exceptions\PagerException::forInvalidTemplate('pager')
 2 SYSTEMPATH\Pager\Pager.php(87): CodeIgniter\Pager\Pager->displayLinks('default', 'pager')
 3 APPPATH\Views\user\home.php(258): CodeIgniter\Pager\Pager->links('default', 'pager')
 4 SYSTEMPATH\View\View.php(224): include('C:\\xampp\\htdocs\\belajar-gis-dasar-ci4\\app\\Views\\user\\home.php')
 5 SYSTEMPATH\View\View.php(227): CodeIgniter\View\View->CodeIgniter\View\{closure}()
 6 SYSTEMPATH\Common.php(1173): CodeIgniter\View\View->render('user/home', [], true)
 7 APPPATH\Controllers\User.php(23): view('user/home', [...])
 8 SYSTEMPATH\CodeIgniter.php(933): App\Controllers\User->index()
 9 SYSTEMPATH\CodeIgniter.php(507): CodeIgniter\CodeIgniter->runController(Object(App\Controllers\User))
10 SYSTEMPATH\CodeIgniter.php(354): CodeIgniter\CodeIgniter->handleRequest(null, Object(Config\Cache), false)
11 SYSTEMPATH\Boot.php(334): CodeIgniter\CodeIgniter->run()
12 SYSTEMPATH\Boot.php(67): CodeIgniter\Boot::runCodeIgniter(Object(CodeIgniter\CodeIgniter))
13 FCPATH\index.php(56): CodeIgniter\Boot::bootWeb(Object(Config\Paths))
CRITICAL - 2025-07-02 11:09:15 --> CodeIgniter\Pager\Exceptions\PagerException: "custom" is not a valid Pager template.
[Method: GET, Route: /]
in SYSTEMPATH\Pager\Pager.php on line 124.
 1 SYSTEMPATH\Pager\Pager.php(124): CodeIgniter\Pager\Exceptions\PagerException::forInvalidTemplate('custom')
 2 SYSTEMPATH\Pager\Pager.php(87): CodeIgniter\Pager\Pager->displayLinks('default', 'custom')
 3 APPPATH\Views\user\home.php(258): CodeIgniter\Pager\Pager->links('default', 'custom')
 4 SYSTEMPATH\View\View.php(224): include('C:\\xampp\\htdocs\\belajar-gis-dasar-ci4\\app\\Views\\user\\home.php')
 5 SYSTEMPATH\View\View.php(227): CodeIgniter\View\View->CodeIgniter\View\{closure}()
 6 SYSTEMPATH\Common.php(1173): CodeIgniter\View\View->render('user/home', [], true)
 7 APPPATH\Controllers\User.php(23): view('user/home', [...])
 8 SYSTEMPATH\CodeIgniter.php(933): App\Controllers\User->index()
 9 SYSTEMPATH\CodeIgniter.php(507): CodeIgniter\CodeIgniter->runController(Object(App\Controllers\User))
10 SYSTEMPATH\CodeIgniter.php(354): CodeIgniter\CodeIgniter->handleRequest(null, Object(Config\Cache), false)
11 SYSTEMPATH\Boot.php(334): CodeIgniter\CodeIgniter->run()
12 SYSTEMPATH\Boot.php(67): CodeIgniter\Boot::runCodeIgniter(Object(CodeIgniter\CodeIgniter))
13 FCPATH\index.php(56): CodeIgniter\Boot::bootWeb(Object(Config\Paths))
CRITICAL - 2025-07-02 11:10:12 --> CodeIgniter\Pager\Exceptions\PagerException: "custom" is not a valid Pager template.
[Method: GET, Route: /]
in SYSTEMPATH\Pager\Pager.php on line 124.
 1 SYSTEMPATH\Pager\Pager.php(124): CodeIgniter\Pager\Exceptions\PagerException::forInvalidTemplate('custom')
 2 SYSTEMPATH\Pager\Pager.php(87): CodeIgniter\Pager\Pager->displayLinks('default', 'custom')
 3 APPPATH\Views\user\home.php(258): CodeIgniter\Pager\Pager->links('default', 'custom')
 4 SYSTEMPATH\View\View.php(224): include('C:\\xampp\\htdocs\\belajar-gis-dasar-ci4\\app\\Views\\user\\home.php')
 5 SYSTEMPATH\View\View.php(227): CodeIgniter\View\View->CodeIgniter\View\{closure}()
 6 SYSTEMPATH\Common.php(1173): CodeIgniter\View\View->render('user/home', [], true)
 7 APPPATH\Controllers\User.php(23): view('user/home', [...])
 8 SYSTEMPATH\CodeIgniter.php(933): App\Controllers\User->index()
 9 SYSTEMPATH\CodeIgniter.php(507): CodeIgniter\CodeIgniter->runController(Object(App\Controllers\User))
10 SYSTEMPATH\CodeIgniter.php(354): CodeIgniter\CodeIgniter->handleRequest(null, Object(Config\Cache), false)
11 SYSTEMPATH\Boot.php(334): CodeIgniter\CodeIgniter->run()
12 SYSTEMPATH\Boot.php(67): CodeIgniter\Boot::runCodeIgniter(Object(CodeIgniter\CodeIgniter))
13 FCPATH\index.php(56): CodeIgniter\Boot::bootWeb(Object(Config\Paths))
DEBUG - 2025-07-02 11:53:45 --> Session: Class initialized using 'CodeIgniter\Session\Handlers\FileHandler' driver.
