CRITICAL - 2025-04-17 14:13:27 --> ErrorException: Allowed memory size of 1073741824 bytes exhausted (tried to allocate 32768 bytes)
[Method: GET, Route: Home_user/dashboard]
in APPPATH\Views\v_dashboard_user.php on line 1.
 1 [internal function]: CodeIgniter\Debug\Exceptions->shutdownHandler()
CRITICAL - 2025-04-17 14:17:40 --> ErrorException: Allowed memory size of 1073741824 bytes exhausted (tried to allocate 32768 bytes)
[Method: GET, Route: Home_user/dashboard]
in APPPATH\Views\v_dashboard_user.php on line 1.
 1 [internal function]: CodeIgniter\Debug\Exceptions->shutdownHandler()
CRITICAL - 2025-04-17 14:52:18 --> ErrorException: Allowed memory size of 1073741824 bytes exhausted (tried to allocate 32768 bytes)
[Method: GET, Route: Home_user/dashboard]
in APPPATH\Views\v_dashboard_user.php on line 1.
 1 [internal function]: CodeIgniter\Debug\Exceptions->shutdownHandler()
CRITICAL - 2025-04-17 14:55:21 --> ErrorException: Allowed memory size of 1073741824 bytes exhausted (tried to allocate 32768 bytes)
[Method: GET, Route: Home_user/dashboard]
in APPPATH\Views\v_dashboard_user.php on line 1.
 1 [internal function]: CodeIgniter\Debug\Exceptions->shutdownHandler()
CRITICAL - 2025-04-17 14:57:49 --> ErrorException: Allowed memory size of 1073741824 bytes exhausted (tried to allocate 32768 bytes)
[Method: GET, Route: Home_user/dashboard]
in APPPATH\Views\v_dashboard_user.php on line 1.
 1 [internal function]: CodeIgniter\Debug\Exceptions->shutdownHandler()
CRITICAL - 2025-04-17 15:04:51 --> ErrorException: Allowed memory size of 1073741824 bytes exhausted (tried to allocate 32768 bytes)
[Method: GET, Route: Home_user/dashboard]
in APPPATH\Views\v_dashboard.php on line 1.
 1 [internal function]: CodeIgniter\Debug\Exceptions->shutdownHandler()
CRITICAL - 2025-04-17 15:12:12 --> CodeIgniter\View\Exceptions\ViewException: Invalid file: "v_tempalate_user.php"
[Method: GET, Route: Home_user/dashboard]
in SYSTEMPATH\Exceptions\FrameworkException.php on line 39.
 1 SYSTEMPATH\View\View.php(212): CodeIgniter\Exceptions\FrameworkException::forInvalidFile('v_tempalate_user.php')
 2 SYSTEMPATH\Common.php(1173): CodeIgniter\View\View->render('v_tempalate_user', [], true)
 3 APPPATH\Views\v_template_user.php(81): view('v_tempalate_user')
 4 SYSTEMPATH\View\View.php(224): include('C:\\xampp\\htdocs\\belajar-gis-dasar-ci4\\app\\Views\\v_template_user.php')
 5 SYSTEMPATH\View\View.php(227): CodeIgniter\View\View->CodeIgniter\View\{closure}()
 6 SYSTEMPATH\Common.php(1173): CodeIgniter\View\View->render('v_template_user', [], true)
 7 APPPATH\Controllers\Home_user.php(41): view('v_template_user', [...])
 8 SYSTEMPATH\CodeIgniter.php(933): App\Controllers\Home_user->dashboard()
 9 SYSTEMPATH\CodeIgniter.php(507): CodeIgniter\CodeIgniter->runController(Object(App\Controllers\Home_user))
10 SYSTEMPATH\CodeIgniter.php(354): CodeIgniter\CodeIgniter->handleRequest(null, Object(Config\Cache), false)
11 SYSTEMPATH\Boot.php(334): CodeIgniter\CodeIgniter->run()
12 SYSTEMPATH\Boot.php(67): CodeIgniter\Boot::runCodeIgniter(Object(CodeIgniter\CodeIgniter))
13 FCPATH\index.php(56): CodeIgniter\Boot::bootWeb(Object(Config\Paths))
CRITICAL - 2025-04-17 15:13:12 --> ErrorException: Allowed memory size of 1073741824 bytes exhausted (tried to allocate 32768 bytes)
[Method: GET, Route: Home_user/dashboard]
in APPPATH\Views\v_template_user.php on line 1.
 1 [internal function]: CodeIgniter\Debug\Exceptions->shutdownHandler()
